2018-12-07 17:02:10 Error: [NotFoundException] Nenhuma página corresponde a esse ID
#0 [internal function]: PostsController->show()
#1 C:\xampp\htdocs\cakeblog\lib\Cake\Controller\Controller.php(473): ReflectionMethod->invokeArgs(Object(PostsController), Array)
#2 C:\xampp\htdocs\cakeblog\lib\Cake\Routing\Dispatcher.php(107): Controller->invokeAction(Object(CakeRequest))
#3 C:\xampp\htdocs\cakeblog\lib\Cake\Routing\Dispatcher.php(89): Dispatcher->_invoke(Object(PostsController), Object(CakeRequest), Object(CakeResponse))
#4 C:\xampp\htdocs\cakeblog\app\webroot\index.php(96): Dispatcher->dispatch(Object(CakeRequest), Object(CakeResponse))
#5 {main}
2018-12-07 17:02:47 Error: [NotFoundException] Nenhuma página corresponde a esse ID
#0 [internal function]: PostsController->show()
#1 C:\xampp\htdocs\cakeblog\lib\Cake\Controller\Controller.php(473): ReflectionMethod->invokeArgs(Object(PostsController), Array)
#2 C:\xampp\htdocs\cakeblog\lib\Cake\Routing\Dispatcher.php(107): Controller->invokeAction(Object(CakeRequest))
#3 C:\xampp\htdocs\cakeblog\lib\Cake\Routing\Dispatcher.php(89): Dispatcher->_invoke(Object(PostsController), Object(CakeRequest), Object(CakeResponse))
#4 C:\xampp\htdocs\cakeblog\app\webroot\index.php(96): Dispatcher->dispatch(Object(CakeRequest), Object(CakeResponse))
#5 {main}
2018-12-07 17:04:05 Error: [NotFoundException] Nenhuma página corresponde a esse ID
#0 [internal function]: PostsController->show()
#1 C:\xampp\htdocs\cakeblog\lib\Cake\Controller\Controller.php(473): ReflectionMethod->invokeArgs(Object(PostsController), Array)
#2 C:\xampp\htdocs\cakeblog\lib\Cake\Routing\Dispatcher.php(107): Controller->invokeAction(Object(CakeRequest))
#3 C:\xampp\htdocs\cakeblog\lib\Cake\Routing\Dispatcher.php(89): Dispatcher->_invoke(Object(PostsController), Object(CakeRequest), Object(CakeResponse))
#4 C:\xampp\htdocs\cakeblog\app\webroot\index.php(96): Dispatcher->dispatch(Object(CakeRequest), Object(CakeResponse))
#5 {main}
2018-12-07 17:06:02 Error: [MissingControllerException] Controller class CssController could not be found.
#0 C:\xampp\htdocs\cakeblog\app\webroot\index.php(96): Dispatcher->dispatch(Object(CakeRequest), Object(CakeResponse))
#1 {main}
2018-12-07 17:08:02 Error: [MissingControllerException] Controller class CssController could not be found.
#0 C:\xampp\htdocs\cakeblog\app\webroot\index.php(96): Dispatcher->dispatch(Object(CakeRequest), Object(CakeResponse))
#1 {main}
2018-12-07 17:10:03 Error: [MissingControllerException] Controller class CssController could not be found.
#0 C:\xampp\htdocs\cakeblog\app\webroot\index.php(96): Dispatcher->dispatch(Object(CakeRequest), Object(CakeResponse))
#1 {main}
2018-12-07 17:10:13 Error: [MissingControllerException] Controller class CssController could not be found.
#0 C:\xampp\htdocs\cakeblog\app\webroot\index.php(96): Dispatcher->dispatch(Object(CakeRequest), Object(CakeResponse))
#1 {main}
2018-12-07 17:12:24 Error: [MissingControllerException] Controller class CssController could not be found.
#0 C:\xampp\htdocs\cakeblog\app\webroot\index.php(96): Dispatcher->dispatch(Object(CakeRequest), Object(CakeResponse))
#1 {main}
2018-12-07 17:12:29 Error: [MissingControllerException] Controller class CssController could not be found.
#0 C:\xampp\htdocs\cakeblog\app\webroot\index.php(96): Dispatcher->dispatch(Object(CakeRequest), Object(CakeResponse))
#1 {main}
2018-12-07 17:13:28 Error: [MissingControllerException] Controller class CssController could not be found.
#0 C:\xampp\htdocs\cakeblog\app\webroot\index.php(96): Dispatcher->dispatch(Object(CakeRequest), Object(CakeResponse))
#1 {main}
2018-12-07 17:13:31 Error: [NotFoundException] Nenhuma página corresponde a esse ID
#0 [internal function]: PostsController->show()
#1 C:\xampp\htdocs\cakeblog\lib\Cake\Controller\Controller.php(473): ReflectionMethod->invokeArgs(Object(PostsController), Array)
#2 C:\xampp\htdocs\cakeblog\lib\Cake\Routing\Dispatcher.php(107): Controller->invokeAction(Object(CakeRequest))
#3 C:\xampp\htdocs\cakeblog\lib\Cake\Routing\Dispatcher.php(89): Dispatcher->_invoke(Object(PostsController), Object(CakeRequest), Object(CakeResponse))
#4 C:\xampp\htdocs\cakeblog\app\webroot\index.php(96): Dispatcher->dispatch(Object(CakeRequest), Object(CakeResponse))
#5 {main}
2018-12-07 17:13:34 Error: [MissingControllerException] Controller class CssController could not be found.
#0 C:\xampp\htdocs\cakeblog\app\webroot\index.php(96): Dispatcher->dispatch(Object(CakeRequest), Object(CakeResponse))
#1 {main}
2018-12-07 17:13:39 Error: [MissingControllerException] Controller class CssController could not be found.
#0 C:\xampp\htdocs\cakeblog\app\webroot\index.php(96): Dispatcher->dispatch(Object(CakeRequest), Object(CakeResponse))
#1 {main}
2018-12-07 17:14:00 Error: [MissingControllerException] Controller class CssController could not be found.
#0 C:\xampp\htdocs\cakeblog\app\webroot\index.php(96): Dispatcher->dispatch(Object(CakeRequest), Object(CakeResponse))
#1 {main}
2018-12-07 17:16:03 Error: [MissingControllerException] Controller class CssController could not be found.
#0 C:\xampp\htdocs\cakeblog\app\webroot\index.php(96): Dispatcher->dispatch(Object(CakeRequest), Object(CakeResponse))
#1 {main}
2018-12-07 17:16:10 Error: [MissingControllerException] Controller class CssController could not be found.
#0 C:\xampp\htdocs\cakeblog\app\webroot\index.php(96): Dispatcher->dispatch(Object(CakeRequest), Object(CakeResponse))
#1 {main}
2018-12-07 17:16:21 Error: [MissingControllerException] Controller class CssController could not be found.
#0 C:\xampp\htdocs\cakeblog\app\webroot\index.php(96): Dispatcher->dispatch(Object(CakeRequest), Object(CakeResponse))
#1 {main}
2018-12-07 17:17:54 Error: [MissingControllerException] Controller class CssController could not be found.
#0 C:\xampp\htdocs\cakeblog\app\webroot\index.php(96): Dispatcher->dispatch(Object(CakeRequest), Object(CakeResponse))
#1 {main}
2018-12-07 17:17:59 Error: [NotFoundException] Nenhuma página corresponde a esse ID
#0 [internal function]: PostsController->show()
#1 C:\xampp\htdocs\cakeblog\lib\Cake\Controller\Controller.php(473): ReflectionMethod->invokeArgs(Object(PostsController), Array)
#2 C:\xampp\htdocs\cakeblog\lib\Cake\Routing\Dispatcher.php(107): Controller->invokeAction(Object(CakeRequest))
#3 C:\xampp\htdocs\cakeblog\lib\Cake\Routing\Dispatcher.php(89): Dispatcher->_invoke(Object(PostsController), Object(CakeRequest), Object(CakeResponse))
#4 C:\xampp\htdocs\cakeblog\app\webroot\index.php(96): Dispatcher->dispatch(Object(CakeRequest), Object(CakeResponse))
#5 {main}
2018-12-07 17:18:02 Error: [MissingControllerException] Controller class CssController could not be found.
#0 C:\xampp\htdocs\cakeblog\app\webroot\index.php(96): Dispatcher->dispatch(Object(CakeRequest), Object(CakeResponse))
#1 {main}
2018-12-07 17:18:08 Error: [MissingControllerException] Controller class CssController could not be found.
#0 C:\xampp\htdocs\cakeblog\app\webroot\index.php(96): Dispatcher->dispatch(Object(CakeRequest), Object(CakeResponse))
#1 {main}
2018-12-07 17:18:15 Error: [MissingControllerException] Controller class CssController could not be found.
#0 C:\xampp\htdocs\cakeblog\app\webroot\index.php(96): Dispatcher->dispatch(Object(CakeRequest), Object(CakeResponse))
#1 {main}
2018-12-07 17:18:20 Error: [MissingControllerException] Controller class CssController could not be found.
#0 C:\xampp\htdocs\cakeblog\app\webroot\index.php(96): Dispatcher->dispatch(Object(CakeRequest), Object(CakeResponse))
#1 {main}
2018-12-07 17:18:28 Error: [MissingControllerException] Controller class CssController could not be found.
#0 C:\xampp\htdocs\cakeblog\app\webroot\index.php(96): Dispatcher->dispatch(Object(CakeRequest), Object(CakeResponse))
#1 {main}
2018-12-07 17:18:34 Error: [NotFoundException] Nenhuma página corresponde a esse ID
#0 [internal function]: PostsController->show()
#1 C:\xampp\htdocs\cakeblog\lib\Cake\Controller\Controller.php(473): ReflectionMethod->invokeArgs(Object(PostsController), Array)
#2 C:\xampp\htdocs\cakeblog\lib\Cake\Routing\Dispatcher.php(107): Controller->invokeAction(Object(CakeRequest))
#3 C:\xampp\htdocs\cakeblog\lib\Cake\Routing\Dispatcher.php(89): Dispatcher->_invoke(Object(PostsController), Object(CakeRequest), Object(CakeResponse))
#4 C:\xampp\htdocs\cakeblog\app\webroot\index.php(96): Dispatcher->dispatch(Object(CakeRequest), Object(CakeResponse))
#5 {main}
2018-12-07 17:18:37 Error: [MissingControllerException] Controller class CssController could not be found.
#0 C:\xampp\htdocs\cakeblog\app\webroot\index.php(96): Dispatcher->dispatch(Object(CakeRequest), Object(CakeResponse))
#1 {main}
2018-12-07 17:19:50 Error: [MissingControllerException] Controller class CssController could not be found.
#0 C:\xampp\htdocs\cakeblog\app\webroot\index.php(96): Dispatcher->dispatch(Object(CakeRequest), Object(CakeResponse))
#1 {main}
2018-12-07 17:21:23 Error: [MissingControllerException] Controller class CssController could not be found.
#0 C:\xampp\htdocs\cakeblog\app\webroot\index.php(96): Dispatcher->dispatch(Object(CakeRequest), Object(CakeResponse))
#1 {main}
2018-12-07 17:23:55 Error: [MissingControllerException] Controller class CssController could not be found.
#0 C:\xampp\htdocs\cakeblog\app\webroot\index.php(96): Dispatcher->dispatch(Object(CakeRequest), Object(CakeResponse))
#1 {main}
2018-12-07 17:24:04 Error: [MissingControllerException] Controller class CssController could not be found.
#0 C:\xampp\htdocs\cakeblog\app\webroot\index.php(96): Dispatcher->dispatch(Object(CakeRequest), Object(CakeResponse))
#1 {main}
2018-12-07 17:25:10 Error: [MissingControllerException] Controller class CssController could not be found.
#0 C:\xampp\htdocs\cakeblog\app\webroot\index.php(96): Dispatcher->dispatch(Object(CakeRequest), Object(CakeResponse))
#1 {main}
2018-12-07 17:25:54 Error: [MissingControllerException] Controller class CssController could not be found.
#0 C:\xampp\htdocs\cakeblog\app\webroot\index.php(96): Dispatcher->dispatch(Object(CakeRequest), Object(CakeResponse))
#1 {main}
2018-12-07 17:26:03 Error: [MissingControllerException] Controller class CssController could not be found.
#0 C:\xampp\htdocs\cakeblog\app\webroot\index.php(96): Dispatcher->dispatch(Object(CakeRequest), Object(CakeResponse))
#1 {main}
2018-12-07 17:26:27 Error: [MissingControllerException] Controller class CssController could not be found.
#0 C:\xampp\htdocs\cakeblog\app\webroot\index.php(96): Dispatcher->dispatch(Object(CakeRequest), Object(CakeResponse))
#1 {main}
2018-12-07 17:26:38 Error: [MissingControllerException] Controller class CssController could not be found.
#0 C:\xampp\htdocs\cakeblog\app\webroot\index.php(96): Dispatcher->dispatch(Object(CakeRequest), Object(CakeResponse))
#1 {main}
2018-12-07 17:26:40 Error: [MissingControllerException] Controller class CssController could not be found.
#0 C:\xampp\htdocs\cakeblog\app\webroot\index.php(96): Dispatcher->dispatch(Object(CakeRequest), Object(CakeResponse))
#1 {main}
2018-12-07 17:26:44 Error: [MissingControllerException] Controller class CssController could not be found.
#0 C:\xampp\htdocs\cakeblog\app\webroot\index.php(96): Dispatcher->dispatch(Object(CakeRequest), Object(CakeResponse))
#1 {main}
2018-12-07 17:26:46 Error: [MissingControllerException] Controller class CssController could not be found.
#0 C:\xampp\htdocs\cakeblog\app\webroot\index.php(96): Dispatcher->dispatch(Object(CakeRequest), Object(CakeResponse))
#1 {main}
2018-12-07 17:26:49 Error: [MissingControllerException] Controller class CssController could not be found.
#0 C:\xampp\htdocs\cakeblog\app\webroot\index.php(96): Dispatcher->dispatch(Object(CakeRequest), Object(CakeResponse))
#1 {main}
2018-12-07 17:27:18 Error: [MissingControllerException] Controller class CssController could not be found.
#0 C:\xampp\htdocs\cakeblog\app\webroot\index.php(96): Dispatcher->dispatch(Object(CakeRequest), Object(CakeResponse))
#1 {main}
2018-12-07 17:28:35 Error: [MissingControllerException] Controller class CssController could not be found.
#0 C:\xampp\htdocs\cakeblog\app\webroot\index.php(96): Dispatcher->dispatch(Object(CakeRequest), Object(CakeResponse))
#1 {main}
2018-12-07 17:28:38 Error: [MissingControllerException] Controller class CssController could not be found.
#0 C:\xampp\htdocs\cakeblog\app\webroot\index.php(96): Dispatcher->dispatch(Object(CakeRequest), Object(CakeResponse))
#1 {main}
2018-12-07 17:30:32 Error: [MissingControllerException] Controller class CssController could not be found.
#0 C:\xampp\htdocs\cakeblog\app\webroot\index.php(96): Dispatcher->dispatch(Object(CakeRequest), Object(CakeResponse))
#1 {main}
2018-12-07 17:30:52 Error: [MissingControllerException] Controller class CssController could not be found.
#0 C:\xampp\htdocs\cakeblog\app\webroot\index.php(96): Dispatcher->dispatch(Object(CakeRequest), Object(CakeResponse))
#1 {main}
2018-12-07 17:30:57 Error: [MissingControllerException] Controller class CssController could not be found.
#0 C:\xampp\htdocs\cakeblog\app\webroot\index.php(96): Dispatcher->dispatch(Object(CakeRequest), Object(CakeResponse))
#1 {main}
2018-12-07 17:31:03 Error: [MissingControllerException] Controller class CssController could not be found.
#0 C:\xampp\htdocs\cakeblog\app\webroot\index.php(96): Dispatcher->dispatch(Object(CakeRequest), Object(CakeResponse))
#1 {main}
2018-12-07 17:31:07 Error: [MissingControllerException] Controller class CssController could not be found.
#0 C:\xampp\htdocs\cakeblog\app\webroot\index.php(96): Dispatcher->dispatch(Object(CakeRequest), Object(CakeResponse))
#1 {main}
2018-12-07 17:31:13 Error: [MissingControllerException] Controller class CssController could not be found.
#0 C:\xampp\htdocs\cakeblog\app\webroot\index.php(96): Dispatcher->dispatch(Object(CakeRequest), Object(CakeResponse))
#1 {main}
2018-12-07 17:36:29 Error: [MissingControllerException] Controller class CssController could not be found.
#0 C:\xampp\htdocs\cakeblog\app\webroot\index.php(96): Dispatcher->dispatch(Object(CakeRequest), Object(CakeResponse))
#1 {main}
2018-12-07 17:39:48 Error: [MissingControllerException] Controller class CssController could not be found.
#0 C:\xampp\htdocs\cakeblog\app\webroot\index.php(96): Dispatcher->dispatch(Object(CakeRequest), Object(CakeResponse))
#1 {main}
2018-12-07 17:40:03 Error: [MissingControllerException] Controller class CssController could not be found.
#0 C:\xampp\htdocs\cakeblog\app\webroot\index.php(96): Dispatcher->dispatch(Object(CakeRequest), Object(CakeResponse))
#1 {main}
2018-12-07 17:46:35 Error: [MissingControllerException] Controller class CssController could not be found.
#0 C:\xampp\htdocs\cakeblog\app\webroot\index.php(96): Dispatcher->dispatch(Object(CakeRequest), Object(CakeResponse))
#1 {main}
2018-12-07 17:46:52 Error: [MissingControllerException] Controller class CssController could not be found.
#0 C:\xampp\htdocs\cakeblog\app\webroot\index.php(96): Dispatcher->dispatch(Object(CakeRequest), Object(CakeResponse))
#1 {main}
